c:\users\pavel glos\documents\2020-2021\zs\icp\semestralka\3dscene\x64\release\vc142.pdb
c:\users\pavel glos\documents\2020-2021\zs\icp\semestralka\3dscene\x64\release\texture.obj
c:\users\pavel glos\documents\2020-2021\zs\icp\semestralka\3dscene\x64\release\skybox.obj
c:\users\pavel glos\documents\2020-2021\zs\icp\semestralka\3dscene\x64\release\icp_cvico.obj
c:\users\pavel glos\documents\2020-2021\zs\icp\semestralka\3dscene\x64\release\globals.obj
c:\users\pavel glos\documents\2020-2021\zs\icp\semestralka\3dscene\x64\release\opengl.obj
c:\users\pavel glos\documents\2020-2021\zs\icp\semestralka\3dscene\x64\release\objloader.obj
c:\users\pavel glos\documents\2020-2021\zs\icp\semestralka\3dscene\x64\release\mesh_init.obj
c:\users\pavel glos\documents\2020-2021\zs\icp\semestralka\3dscene\x64\release\mesh.obj
c:\users\pavel glos\documents\2020-2021\zs\icp\semestralka\3dscene\x64\release\glerror.obj
c:\users\pavel glos\documents\2020-2021\zs\icp\semestralka\3dscene\x64\release\icp_cvico.ipdb
c:\users\pavel glos\documents\2020-2021\zs\icp\semestralka\3dscene\x64\release\icp_cvico.iobj
c:\users\pavel glos\documents\2020-2021\zs\icp\semestralka\3dscene\x64\release\icp_cvico.exe
c:\users\pavel glos\documents\2020-2021\zs\icp\semestralka\3dscene\x64\release\icp_cvico.pdb
c:\users\pavel glos\documents\2020-2021\zs\icp\semestralka\3dscene\x64\release\icp_cvico.tlog\cl.command.1.tlog
c:\users\pavel glos\documents\2020-2021\zs\icp\semestralka\3dscene\x64\release\icp_cvico.tlog\cl.read.1.tlog
c:\users\pavel glos\documents\2020-2021\zs\icp\semestralka\3dscene\x64\release\icp_cvico.tlog\cl.write.1.tlog
c:\users\pavel glos\documents\2020-2021\zs\icp\semestralka\3dscene\x64\release\icp_cvico.tlog\icp_cvico.write.1u.tlog
c:\users\pavel glos\documents\2020-2021\zs\icp\semestralka\3dscene\x64\release\icp_cvico.tlog\link.command.1.tlog
c:\users\pavel glos\documents\2020-2021\zs\icp\semestralka\3dscene\x64\release\icp_cvico.tlog\link.read.1.tlog
c:\users\pavel glos\documents\2020-2021\zs\icp\semestralka\3dscene\x64\release\icp_cvico.tlog\link.write.1.tlog
